<?xml version="1.0" encoding="UTF-8"?>
<testng-results skipped="0" failed="0" ignored="0" total="1" passed="1">
  <reporter-output>
  </reporter-output>
  <suite name="Default suite" duration-ms="8706" started-at="2022-04-22T08:03:19Z" finished-at="2022-04-22T08:03:27Z">
    <groups>
    </groups>
    <test name="Default test" duration-ms="8706" started-at="2022-04-22T08:03:19Z" finished-at="2022-04-22T08:03:27Z">
      <class name="rmgyantraTestsWithFrameWork.CreateProjectAndVerifyInDataBase">
        <test-method status="PASS" signature="bsConfig()[pri:0, instance:rmgyantraTestsWithFrameWork.CreateProjectAndVerifyInDataBase@42d80b78]" name="bsConfig" is-config="true" duration-ms="1746" started-at="2022-04-22T08:03:17Z" finished-at="2022-04-22T08:03:19Z">
          <reporter-output>
          </reporter-output>
        </test-method> <!-- bsConfig -->
        <test-method status="PASS" signature="createProjectVerifyInDb()[pri:0, instance:rmgyantraTestsWithFrameWork.CreateProjectAndVerifyInDataBase@42d80b78]" name="createProjectVerifyInDb" duration-ms="8643" started-at="2022-04-22T08:03:19Z" finished-at="2022-04-22T08:03:27Z">
          <reporter-output>
          </reporter-output>
        </test-method> <!-- createProjectVerifyInDb -->
        <test-method status="PASS" signature="asConfig()[pri:0, instance:rmgyantraTestsWithFrameWork.CreateProjectAndVerifyInDataBase@42d80b78]" name="asConfig" is-config="true" duration-ms="32" started-at="2022-04-22T08:03:28Z" finished-at="2022-04-22T08:03:28Z">
          <reporter-output>
          </reporter-output>
        </test-method> <!-- asConfig -->
      </class> <!-- rmgyantraTestsWithFrameWork.CreateProjectAndVerifyInDataBase -->
    </test> <!-- Default test -->
  </suite> <!-- Default suite -->
</testng-results>
